{"reason":"compiler-artifact","package_id":"registry+https://github.com/rust-lang/crates.io-index#libc@0.2.178","manifest_path":"/home/mukuldk/.cargo/registry/src/index.crates.io-1949cf8c6b5b557f/libc-0.2.178/Cargo.toml","target":{"kind":["custom-build"],"crate_types":["bin"],"name":"build-script-build","src_path":"/home/mukuldk/.cargo/registry/src/index.crates.io-1949cf8c6b5b557f/libc-0.2.178/build.rs","edition":"2021","doc":false,"doctest":false,"test":false},"profile":{"opt_level":"0","debuginfo":0,"debug_assertions":true,"overflow_checks":true,"test":false},"features":[],"filenames":["/home/mukuldk/.cargo/target/debug/build/libc-dd226a47df37f279/build-script-build"],"executable":null,"fresh":true}
{"reason":"build-script-executed","package_id":"registry+https://github.com/rust-lang/crates.io-index#libc@0.2.178","linked_libs":[],"linked_paths":[],"cfgs":["freebsd12"],"env":[],"out_dir":"/home/mukuldk/.cargo/target/debug/build/libc-ab18770696fc590a/out"}
{"reason":"compiler-artifact","package_id":"registry+https://github.com/rust-lang/crates.io-index#getrandom@0.3.4","manifest_path":"/home/mukuldk/.cargo/registry/src/index.crates.io-1949cf8c6b5b557f/getrandom-0.3.4/Cargo.toml","target":{"kind":["custom-build"],"crate_types":["bin"],"name":"build-script-build","src_path":"/home/mukuldk/.cargo/registry/src/index.crates.io-1949cf8c6b5b557f/getrandom-0.3.4/build.rs","edition":"2021","doc":false,"doctest":false,"test":false},"profile":{"opt_level":"0","debuginfo":0,"debug_assertions":true,"overflow_checks":true,"test":false},"features":["std"],"filenames":["/home/mukuldk/.cargo/target/debug/build/getrandom-dedbdd6b8a3133ac/build-script-build"],"executable":null,"fresh":true}
{"reason":"compiler-artifact","package_id":"registry+https://github.com/rust-lang/crates.io-index#zerocopy@0.8.31","manifest_path":"/home/mukuldk/.cargo/registry/src/index.crates.io-1949cf8c6b5b557f/zerocopy-0.8.31/Cargo.toml","target":{"kind":["custom-build"],"crate_types":["bin"],"name":"build-script-build","src_path":"/home/mukuldk/.cargo/registry/src/index.crates.io-1949cf8c6b5b557f/zerocopy-0.8.31/build.rs","edition":"2021","doc":false,"doctest":false,"test":false},"profile":{"opt_level":"0","debuginfo":0,"debug_assertions":true,"overflow_checks":true,"test":false},"features":["simd"],"filenames":["/home/mukuldk/.cargo/target/debug/build/zerocopy-f3d69ea92c8a50cf/build-script-build"],"executable":null,"fresh":true}
{"reason":"build-script-executed","package_id":"registry+https://github.com/rust-lang/crates.io-index#zerocopy@0.8.31","linked_libs":[],"linked_paths":[],"cfgs":[],"env":[],"out_dir":"/home/mukuldk/.cargo/target/debug/build/zerocopy-5db1835495fc2254/out"}
{"reason":"build-script-executed","package_id":"registry+https://github.com/rust-lang/crates.io-index#getrandom@0.3.4","linked_libs":[],"linked_paths":[],"cfgs":[],"env":[],"out_dir":"/home/mukuldk/.cargo/target/debug/build/getrandom-25f18bc755e3e9ba/out"}
{"reason":"compiler-artifact","package_id":"registry+https://github.com/rust-lang/crates.io-index#libc@0.2.178","manifest_path":"/home/mukuldk/.cargo/registry/src/index.crates.io-1949cf8c6b5b557f/libc-0.2.178/Cargo.toml","target":{"kind":["lib"],"crate_types":["lib"],"name":"libc","src_path":"/home/mukuldk/.cargo/registry/src/index.crates.io-1949cf8c6b5b557f/libc-0.2.178/src/lib.rs","edition":"2021","doc":true,"doctest":true,"test":true},"profile":{"opt_level":"0","debuginfo":2,"debug_assertions":true,"overflow_checks":true,"test":false},"features":[],"filenames":["/home/mukuldk/.cargo/target/debug/deps/liblibc-5711344b03ed5189.rmeta"],"executable":null,"fresh":true}
{"reason":"compiler-artifact","package_id":"registry+https://github.com/rust-lang/crates.io-index#cfg-if@1.0.4","manifest_path":"/home/mukuldk/.cargo/registry/src/index.crates.io-1949cf8c6b5b557f/cfg-if-1.0.4/Cargo.toml","target":{"kind":["lib"],"crate_types":["lib"],"name":"cfg_if","src_path":"/home/mukuldk/.cargo/registry/src/index.crates.io-1949cf8c6b5b557f/cfg-if-1.0.4/src/lib.rs","edition":"2018","doc":true,"doctest":true,"test":true},"profile":{"opt_level":"0","debuginfo":2,"debug_assertions":true,"overflow_checks":true,"test":false},"features":[],"filenames":["/home/mukuldk/.cargo/target/debug/deps/libcfg_if-e720413b8edafa0a.rmeta"],"executable":null,"fresh":true}
{"reason":"compiler-artifact","package_id":"registry+https://github.com/rust-lang/crates.io-index#getrandom@0.3.4","manifest_path":"/home/mukuldk/.cargo/registry/src/index.crates.io-1949cf8c6b5b557f/getrandom-0.3.4/Cargo.toml","target":{"kind":["lib"],"crate_types":["lib"],"name":"getrandom","src_path":"/home/mukuldk/.cargo/registry/src/index.crates.io-1949cf8c6b5b557f/getrandom-0.3.4/src/lib.rs","edition":"2021","doc":true,"doctest":true,"test":true},"profile":{"opt_level":"0","debuginfo":2,"debug_assertions":true,"overflow_checks":true,"test":false},"features":["std"],"filenames":["/home/mukuldk/.cargo/target/debug/deps/libgetrandom-7a63d319882eeff4.rmeta"],"executable":null,"fresh":true}
{"reason":"compiler-artifact","package_id":"registry+https://github.com/rust-lang/crates.io-index#zerocopy@0.8.31","manifest_path":"/home/mukuldk/.cargo/registry/src/index.crates.io-1949cf8c6b5b557f/zerocopy-0.8.31/Cargo.toml","target":{"kind":["lib"],"crate_types":["lib"],"name":"zerocopy","src_path":"/home/mukuldk/.cargo/registry/src/index.crates.io-1949cf8c6b5b557f/zerocopy-0.8.31/src/lib.rs","edition":"2021","doc":true,"doctest":true,"test":true},"profile":{"opt_level":"0","debuginfo":2,"debug_assertions":true,"overflow_checks":true,"test":false},"features":["simd"],"filenames":["/home/mukuldk/.cargo/target/debug/deps/libzerocopy-cd9e4430a4d0f22d.rmeta"],"executable":null,"fresh":true}
{"reason":"compiler-artifact","package_id":"registry+https://github.com/rust-lang/crates.io-index#ppv-lite86@0.2.21","manifest_path":"/home/mukuldk/.cargo/registry/src/index.crates.io-1949cf8c6b5b557f/ppv-lite86-0.2.21/Cargo.toml","target":{"kind":["lib"],"crate_types":["lib"],"name":"ppv_lite86","src_path":"/home/mukuldk/.cargo/registry/src/index.crates.io-1949cf8c6b5b557f/ppv-lite86-0.2.21/src/lib.rs","edition":"2021","doc":true,"doctest":true,"test":true},"profile":{"opt_level":"0","debuginfo":2,"debug_assertions":true,"overflow_checks":true,"test":false},"features":["simd","std"],"filenames":["/home/mukuldk/.cargo/target/debug/deps/libppv_lite86-527fe895d6fa2827.rmeta"],"executable":null,"fresh":true}
{"reason":"compiler-artifact","package_id":"registry+https://github.com/rust-lang/crates.io-index#rand_core@0.9.3","manifest_path":"/home/mukuldk/.cargo/registry/src/index.crates.io-1949cf8c6b5b557f/rand_core-0.9.3/Cargo.toml","target":{"kind":["lib"],"crate_types":["lib"],"name":"rand_core","src_path":"/home/mukuldk/.cargo/registry/src/index.crates.io-1949cf8c6b5b557f/rand_core-0.9.3/src/lib.rs","edition":"2021","doc":true,"doctest":true,"test":true},"profile":{"opt_level":"0","debuginfo":2,"debug_assertions":true,"overflow_checks":true,"test":false},"features":["os_rng","std"],"filenames":["/home/mukuldk/.cargo/target/debug/deps/librand_core-2ef178bb3b485d4f.rmeta"],"executable":null,"fresh":true}
{"reason":"compiler-artifact","package_id":"registry+https://github.com/rust-lang/crates.io-index#rand_chacha@0.9.0","manifest_path":"/home/mukuldk/.cargo/registry/src/index.crates.io-1949cf8c6b5b557f/rand_chacha-0.9.0/Cargo.toml","target":{"kind":["lib"],"crate_types":["lib"],"name":"rand_chacha","src_path":"/home/mukuldk/.cargo/registry/src/index.crates.io-1949cf8c6b5b557f/rand_chacha-0.9.0/src/lib.rs","edition":"2021","doc":true,"doctest":true,"test":true},"profile":{"opt_level":"0","debuginfo":2,"debug_assertions":true,"overflow_checks":true,"test":false},"features":["std"],"filenames":["/home/mukuldk/.cargo/target/debug/deps/librand_chacha-34925539bd7c16ec.rmeta"],"executable":null,"fresh":true}
{"reason":"compiler-artifact","package_id":"registry+https://github.com/rust-lang/crates.io-index#rand@0.9.2","manifest_path":"/home/mukuldk/.cargo/registry/src/index.crates.io-1949cf8c6b5b557f/rand-0.9.2/Cargo.toml","target":{"kind":["lib"],"crate_types":["lib"],"name":"rand","src_path":"/home/mukuldk/.cargo/registry/src/index.crates.io-1949cf8c6b5b557f/rand-0.9.2/src/lib.rs","edition":"2021","doc":true,"doctest":true,"test":true},"profile":{"opt_level":"0","debuginfo":2,"debug_assertions":true,"overflow_checks":true,"test":false},"features":["alloc","default","os_rng","small_rng","std","std_rng","thread_rng"],"filenames":["/home/mukuldk/.cargo/target/debug/deps/librand-c9c87474ef6a5cfd.rmeta"],"executable":null,"fresh":true}
{"reason":"compiler-message","package_id":"path+file:///home/mukuldk/1_file/3_Repos_All/A_gitHub/007_Jenkins-cicd-lab/2_Installations/a_rust_guess_game#0.1.0","manifest_path":"/home/mukuldk/1_file/3_Repos_All/A_gitHub/007_Jenkins-cicd-lab/2_Installations/a_rust_guess_game/Cargo.toml","target":{"kind":["bin"],"crate_types":["bin"],"name":"a_rust_guess_game","src_path":"/home/mukuldk/1_file/3_Repos_All/A_gitHub/007_Jenkins-cicd-lab/2_Installations/a_rust_guess_game/src/main.rs","edition":"2024","doc":true,"doctest":false,"test":true},"message":{"$message_type":"diagnostic","message":"cannot find type `RangeOfNumbers` in this scope","code":{"code":"E0412","explanation":"A used type name is not in scope.\n\nErroneous code examples:\n\n```compile_fail,E0412\nimpl Something {} // error: type name `Something` is not in scope\n\n// or:\n\ntrait Foo {\n    fn bar(N); // error: type name `N` is not in scope\n}\n\n// or:\n\nfn foo(x: T) {} // type name `T` is not in scope\n```\n\nTo fix this error, please verify you didn't misspell the type name, you did\ndeclare it or imported it into the scope. Examples:\n\n```\nstruct Something;\n\nimpl Something {} // ok!\n\n// or:\n\ntrait Foo {\n    type N;\n\n    fn bar(_: Self::N); // ok!\n}\n\n// or:\n\nfn foo<T>(x: T) {} // ok!\n```\n\nAnother case that causes this error is when a type is imported into a parent\nmodule. To fix this, you can follow the suggestion and use File directly or\n`use super::File;` which will import the types from the parent namespace. An\nexample that causes this error is below:\n\n```compile_fail,E0412\nuse std::fs::File;\n\nmod foo {\n    fn some_function(f: File) {}\n}\n```\n\n```\nuse std::fs::File;\n\nmod foo {\n    // either\n    use super::File;\n    // or\n    // use std::fs::File;\n    fn foo(f: File) {}\n}\n# fn main() {} // don't insert it for us; that'll break imports\n```\n"},"level":"error","spans":[{"file_name":"src/main.rs","byte_start":2312,"byte_end":2326,"line_start":81,"line_end":81,"column_start":33,"column_end":47,"is_primary":true,"text":[{"text":"fn smaller_guess(n: u32, range: RangeOfNumbers) {","highlight_start":33,"highlight_end":47}],"label":"not found in this scope","suggested_replacement":null,"suggestion_applicability":null,"expansion":null}],"children":[],"rendered":"\u001b[1m\u001b[91merror[E0412]\u001b[0m\u001b[1m: cannot find type `RangeOfNumbers` in this scope\u001b[0m\n  \u001b[1m\u001b[94m--> \u001b[0msrc/main.rs:81:33\n   \u001b[1m\u001b[94m|\u001b[0m\n\u001b[1m\u001b[94m81\u001b[0m \u001b[1m\u001b[94m|\u001b[0m fn smaller_guess(n: u32, range: RangeOfNumbers) {\n   \u001b[1m\u001b[94m|\u001b[0m                                 \u001b[1m\u001b[91m^^^^^^^^^^^^^^\u001b[0m \u001b[1m\u001b[91mnot found in this scope\u001b[0m\n\n"}}
{"reason":"compiler-message","package_id":"path+file:///home/mukuldk/1_file/3_Repos_All/A_gitHub/007_Jenkins-cicd-lab/2_Installations/a_rust_guess_game#0.1.0","manifest_path":"/home/mukuldk/1_file/3_Repos_All/A_gitHub/007_Jenkins-cicd-lab/2_Installations/a_rust_guess_game/Cargo.toml","target":{"kind":["bin"],"crate_types":["bin"],"name":"a_rust_guess_game","src_path":"/home/mukuldk/1_file/3_Repos_All/A_gitHub/007_Jenkins-cicd-lab/2_Installations/a_rust_guess_game/src/main.rs","edition":"2024","doc":true,"doctest":false,"test":true},"message":{"$message_type":"diagnostic","message":"cannot find struct, variant or union type `Point` in this scope","code":{"code":"E0422","explanation":"An identifier that is neither defined nor a struct was used.\n\nErroneous code example:\n\n```compile_fail,E0422\nfn main () {\n    let x = Foo { x: 1, y: 2 };\n}\n```\n\nIn this case, `Foo` is undefined, so it inherently isn't anything, and\ndefinitely not a struct.\n\n```compile_fail\nfn main () {\n    let foo = 1;\n    let x = foo { x: 1, y: 2 };\n}\n```\n\nIn this case, `foo` is defined, but is not a struct, so Rust can't use it as\none.\n"},"level":"error","spans":[{"file_name":"src/main.rs","byte_start":2346,"byte_end":2351,"line_start":82,"line_end":82,"column_start":17,"column_end":22,"is_primary":true,"text":[{"text":"    let range = Point { lower_bound: n };","highlight_start":17,"highlight_end":22}],"label":"not found in this scope","suggested_replacement":null,"suggestion_applicability":null,"expansion":null}],"children":[],"rendered":"\u001b[1m\u001b[91merror[E0422]\u001b[0m\u001b[1m: cannot find struct, variant or union type `Point` in this scope\u001b[0m\n  \u001b[1m\u001b[94m--> \u001b[0msrc/main.rs:82:17\n   \u001b[1m\u001b[94m|\u001b[0m\n\u001b[1m\u001b[94m82\u001b[0m \u001b[1m\u001b[94m|\u001b[0m     let range = Point { lower_bound: n };\n   \u001b[1m\u001b[94m|\u001b[0m                 \u001b[1m\u001b[91m^^^^^\u001b[0m \u001b[1m\u001b[91mnot found in this scope\u001b[0m\n\n"}}
{"reason":"compiler-message","package_id":"path+file:///home/mukuldk/1_file/3_Repos_All/A_gitHub/007_Jenkins-cicd-lab/2_Installations/a_rust_guess_game#0.1.0","manifest_path":"/home/mukuldk/1_file/3_Repos_All/A_gitHub/007_Jenkins-cicd-lab/2_Installations/a_rust_guess_game/Cargo.toml","target":{"kind":["bin"],"crate_types":["bin"],"name":"a_rust_guess_game","src_path":"/home/mukuldk/1_file/3_Repos_All/A_gitHub/007_Jenkins-cicd-lab/2_Installations/a_rust_guess_game/src/main.rs","edition":"2024","doc":true,"doctest":false,"test":true},"message":{"$message_type":"diagnostic","message":"cannot find type `RangeOfNumbers` in this scope","code":{"code":"E0412","explanation":"A used type name is not in scope.\n\nErroneous code examples:\n\n```compile_fail,E0412\nimpl Something {} // error: type name `Something` is not in scope\n\n// or:\n\ntrait Foo {\n    fn bar(N); // error: type name `N` is not in scope\n}\n\n// or:\n\nfn foo(x: T) {} // type name `T` is not in scope\n```\n\nTo fix this error, please verify you didn't misspell the type name, you did\ndeclare it or imported it into the scope. Examples:\n\n```\nstruct Something;\n\nimpl Something {} // ok!\n\n// or:\n\ntrait Foo {\n    type N;\n\n    fn bar(_: Self::N); // ok!\n}\n\n// or:\n\nfn foo<T>(x: T) {} // ok!\n```\n\nAnother case that causes this error is when a type is imported into a parent\nmodule. To fix this, you can follow the suggestion and use File directly or\n`use super::File;` which will import the types from the parent namespace. An\nexample that causes this error is below:\n\n```compile_fail,E0412\nuse std::fs::File;\n\nmod foo {\n    fn some_function(f: File) {}\n}\n```\n\n```\nuse std::fs::File;\n\nmod foo {\n    // either\n    use super::File;\n    // or\n    // use std::fs::File;\n    fn foo(f: File) {}\n}\n# fn main() {} // don't insert it for us; that'll break imports\n```\n"},"level":"error","spans":[{"file_name":"src/main.rs","byte_start":2524,"byte_end":2538,"line_start":89,"line_end":89,"column_start":33,"column_end":47,"is_primary":true,"text":[{"text":"fn greater_guess(n: u32, range: RangeOfNumbers) {","highlight_start":33,"highlight_end":47}],"label":"not found in this scope","suggested_replacement":null,"suggestion_applicability":null,"expansion":null}],"children":[],"rendered":"\u001b[1m\u001b[91merror[E0412]\u001b[0m\u001b[1m: cannot find type `RangeOfNumbers` in this scope\u001b[0m\n  \u001b[1m\u001b[94m--> \u001b[0msrc/main.rs:89:33\n   \u001b[1m\u001b[94m|\u001b[0m\n\u001b[1m\u001b[94m89\u001b[0m \u001b[1m\u001b[94m|\u001b[0m fn greater_guess(n: u32, range: RangeOfNumbers) {\n   \u001b[1m\u001b[94m|\u001b[0m                                 \u001b[1m\u001b[91m^^^^^^^^^^^^^^\u001b[0m \u001b[1m\u001b[91mnot found in this scope\u001b[0m\n\n"}}
{"reason":"compiler-message","package_id":"path+file:///home/mukuldk/1_file/3_Repos_All/A_gitHub/007_Jenkins-cicd-lab/2_Installations/a_rust_guess_game#0.1.0","manifest_path":"/home/mukuldk/1_file/3_Repos_All/A_gitHub/007_Jenkins-cicd-lab/2_Installations/a_rust_guess_game/Cargo.toml","target":{"kind":["bin"],"crate_types":["bin"],"name":"a_rust_guess_game","src_path":"/home/mukuldk/1_file/3_Repos_All/A_gitHub/007_Jenkins-cicd-lab/2_Installations/a_rust_guess_game/src/main.rs","edition":"2024","doc":true,"doctest":false,"test":true},"message":{"$message_type":"diagnostic","message":"cannot find struct, variant or union type `Point` in this scope","code":{"code":"E0422","explanation":"An identifier that is neither defined nor a struct was used.\n\nErroneous code example:\n\n```compile_fail,E0422\nfn main () {\n    let x = Foo { x: 1, y: 2 };\n}\n```\n\nIn this case, `Foo` is undefined, so it inherently isn't anything, and\ndefinitely not a struct.\n\n```compile_fail\nfn main () {\n    let foo = 1;\n    let x = foo { x: 1, y: 2 };\n}\n```\n\nIn this case, `foo` is defined, but is not a struct, so Rust can't use it as\none.\n"},"level":"error","spans":[{"file_name":"src/main.rs","byte_start":2558,"byte_end":2563,"line_start":90,"line_end":90,"column_start":17,"column_end":22,"is_primary":true,"text":[{"text":"    let range = Point { upper_bound: n };","highlight_start":17,"highlight_end":22}],"label":"not found in this scope","suggested_replacement":null,"suggestion_applicability":null,"expansion":null}],"children":[],"rendered":"\u001b[1m\u001b[91merror[E0422]\u001b[0m\u001b[1m: cannot find struct, variant or union type `Point` in this scope\u001b[0m\n  \u001b[1m\u001b[94m--> \u001b[0msrc/main.rs:90:17\n   \u001b[1m\u001b[94m|\u001b[0m\n\u001b[1m\u001b[94m90\u001b[0m \u001b[1m\u001b[94m|\u001b[0m     let range = Point { upper_bound: n };\n   \u001b[1m\u001b[94m|\u001b[0m                 \u001b[1m\u001b[91m^^^^^\u001b[0m \u001b[1m\u001b[91mnot found in this scope\u001b[0m\n\n"}}
{"reason":"compiler-message","package_id":"path+file:///home/mukuldk/1_file/3_Repos_All/A_gitHub/007_Jenkins-cicd-lab/2_Installations/a_rust_guess_game#0.1.0","manifest_path":"/home/mukuldk/1_file/3_Repos_All/A_gitHub/007_Jenkins-cicd-lab/2_Installations/a_rust_guess_game/Cargo.toml","target":{"kind":["bin"],"crate_types":["bin"],"name":"a_rust_guess_game","src_path":"/home/mukuldk/1_file/3_Repos_All/A_gitHub/007_Jenkins-cicd-lab/2_Installations/a_rust_guess_game/src/main.rs","edition":"2024","doc":true,"doctest":false,"test":true},"message":{"$message_type":"diagnostic","message":"unnecessary parentheses around `if` condition","code":{"code":"unused_parens","explanation":null},"level":"warning","spans":[{"file_name":"src/main.rs","byte_start":1766,"byte_end":1767,"line_start":65,"line_end":65,"column_start":12,"column_end":13,"is_primary":true,"text":[{"text":"        if (guess_num == 0) {","highlight_start":12,"highlight_end":13}],"label":null,"suggested_replacement":null,"suggestion_applicability":null,"expansion":null},{"file_name":"src/main.rs","byte_start":1781,"byte_end":1782,"line_start":65,"line_end":65,"column_start":27,"column_end":28,"is_primary":true,"text":[{"text":"        if (guess_num == 0) {","highlight_start":27,"highlight_end":28}],"label":null,"suggested_replacement":null,"suggestion_applicability":null,"expansion":null}],"children":[{"message":"`#[warn(unused_parens)]` (part of `#[warn(unused)]`) on by default","code":null,"level":"note","spans":[],"children":[],"rendered":null},{"message":"remove these parentheses","code":null,"level":"help","spans":[{"file_name":"src/main.rs","byte_start":1766,"byte_end":1767,"line_start":65,"line_end":65,"column_start":12,"column_end":13,"is_primary":true,"text":[{"text":"        if (guess_num == 0) {","highlight_start":12,"highlight_end":13}],"label":null,"suggested_replacement":"","suggestion_applicability":"MachineApplicable","expansion":null},{"file_name":"src/main.rs","byte_start":1781,"byte_end":1782,"line_start":65,"line_end":65,"column_start":27,"column_end":28,"is_primary":true,"text":[{"text":"        if (guess_num == 0) {","highlight_start":27,"highlight_end":28}],"label":null,"suggested_replacement":" ","suggestion_applicability":"MachineApplicable","expansion":null}],"children":[],"rendered":null}],"rendered":"\u001b[1m\u001b[33mwarning\u001b[0m\u001b[1m: unnecessary parentheses around `if` condition\u001b[0m\n  \u001b[1m\u001b[94m--> \u001b[0msrc/main.rs:65:12\n   \u001b[1m\u001b[94m|\u001b[0m\n\u001b[1m\u001b[94m65\u001b[0m \u001b[1m\u001b[94m|\u001b[0m         if (guess_num == 0) {\n   \u001b[1m\u001b[94m|\u001b[0m            \u001b[1m\u001b[33m^\u001b[0m              \u001b[1m\u001b[33m^\u001b[0m\n   \u001b[1m\u001b[94m|\u001b[0m\n   \u001b[1m\u001b[94m= \u001b[0m\u001b[1mnote\u001b[0m: `#[warn(unused_parens)]` (part of `#[warn(unused)]`) on by default\n\u001b[1m\u001b[96mhelp\u001b[0m: remove these parentheses\n   \u001b[1m\u001b[94m|\u001b[0m\n\u001b[1m\u001b[94m65\u001b[0m \u001b[91m- \u001b[0m        if \u001b[91m(\u001b[0mguess_num == 0\u001b[91m)\u001b[0m {\n\u001b[1m\u001b[94m65\u001b[0m \u001b[92m+ \u001b[0m        if guess_num == 0\u001b[92m \u001b[0m {\n   \u001b[1m\u001b[94m|\u001b[0m\n\n"}}
{"reason":"compiler-message","package_id":"path+file:///home/mukuldk/1_file/3_Repos_All/A_gitHub/007_Jenkins-cicd-lab/2_Installations/a_rust_guess_game#0.1.0","manifest_path":"/home/mukuldk/1_file/3_Repos_All/A_gitHub/007_Jenkins-cicd-lab/2_Installations/a_rust_guess_game/Cargo.toml","target":{"kind":["bin"],"crate_types":["bin"],"name":"a_rust_guess_game","src_path":"/home/mukuldk/1_file/3_Repos_All/A_gitHub/007_Jenkins-cicd-lab/2_Installations/a_rust_guess_game/src/main.rs","edition":"2024","doc":true,"doctest":false,"test":true},"message":{"$message_type":"diagnostic","message":"cannot find type `RangeOfNumbers` in this scope","code":{"code":"E0412","explanation":"A used type name is not in scope.\n\nErroneous code examples:\n\n```compile_fail,E0412\nimpl Something {} // error: type name `Something` is not in scope\n\n// or:\n\ntrait Foo {\n    fn bar(N); // error: type name `N` is not in scope\n}\n\n// or:\n\nfn foo(x: T) {} // type name `T` is not in scope\n```\n\nTo fix this error, please verify you didn't misspell the type name, you did\ndeclare it or imported it into the scope. Examples:\n\n```\nstruct Something;\n\nimpl Something {} // ok!\n\n// or:\n\ntrait Foo {\n    type N;\n\n    fn bar(_: Self::N); // ok!\n}\n\n// or:\n\nfn foo<T>(x: T) {} // ok!\n```\n\nAnother case that causes this error is when a type is imported into a parent\nmodule. To fix this, you can follow the suggestion and use File directly or\n`use super::File;` which will import the types from the parent namespace. An\nexample that causes this error is below:\n\n```compile_fail,E0412\nuse std::fs::File;\n\nmod foo {\n    fn some_function(f: File) {}\n}\n```\n\n```\nuse std::fs::File;\n\nmod foo {\n    // either\n    use super::File;\n    // or\n    // use std::fs::File;\n    fn foo(f: File) {}\n}\n# fn main() {} // don't insert it for us; that'll break imports\n```\n"},"level":"error","spans":[{"file_name":"src/main.rs","byte_start":2312,"byte_end":2326,"line_start":81,"line_end":81,"column_start":33,"column_end":47,"is_primary":true,"text":[{"text":"fn smaller_guess(n: u32, range: RangeOfNumbers) {","highlight_start":33,"highlight_end":47}],"label":"not found in this scope","suggested_replacement":null,"suggestion_applicability":null,"expansion":null}],"children":[],"rendered":"\u001b[1m\u001b[91merror[E0412]\u001b[0m\u001b[1m: cannot find type `RangeOfNumbers` in this scope\u001b[0m\n  \u001b[1m\u001b[94m--> \u001b[0msrc/main.rs:81:33\n   \u001b[1m\u001b[94m|\u001b[0m\n\u001b[1m\u001b[94m81\u001b[0m \u001b[1m\u001b[94m|\u001b[0m fn smaller_guess(n: u32, range: RangeOfNumbers) {\n   \u001b[1m\u001b[94m|\u001b[0m                                 \u001b[1m\u001b[91m^^^^^^^^^^^^^^\u001b[0m \u001b[1m\u001b[91mnot found in this scope\u001b[0m\n\n"}}
{"reason":"compiler-message","package_id":"path+file:///home/mukuldk/1_file/3_Repos_All/A_gitHub/007_Jenkins-cicd-lab/2_Installations/a_rust_guess_game#0.1.0","manifest_path":"/home/mukuldk/1_file/3_Repos_All/A_gitHub/007_Jenkins-cicd-lab/2_Installations/a_rust_guess_game/Cargo.toml","target":{"kind":["bin"],"crate_types":["bin"],"name":"a_rust_guess_game","src_path":"/home/mukuldk/1_file/3_Repos_All/A_gitHub/007_Jenkins-cicd-lab/2_Installations/a_rust_guess_game/src/main.rs","edition":"2024","doc":true,"doctest":false,"test":true},"message":{"$message_type":"diagnostic","message":"cannot find struct, variant or union type `Point` in this scope","code":{"code":"E0422","explanation":"An identifier that is neither defined nor a struct was used.\n\nErroneous code example:\n\n```compile_fail,E0422\nfn main () {\n    let x = Foo { x: 1, y: 2 };\n}\n```\n\nIn this case, `Foo` is undefined, so it inherently isn't anything, and\ndefinitely not a struct.\n\n```compile_fail\nfn main () {\n    let foo = 1;\n    let x = foo { x: 1, y: 2 };\n}\n```\n\nIn this case, `foo` is defined, but is not a struct, so Rust can't use it as\none.\n"},"level":"error","spans":[{"file_name":"src/main.rs","byte_start":2346,"byte_end":2351,"line_start":82,"line_end":82,"column_start":17,"column_end":22,"is_primary":true,"text":[{"text":"    let range = Point { lower_bound: n };","highlight_start":17,"highlight_end":22}],"label":"not found in this scope","suggested_replacement":null,"suggestion_applicability":null,"expansion":null}],"children":[],"rendered":"\u001b[1m\u001b[91merror[E0422]\u001b[0m\u001b[1m: cannot find struct, variant or union type `Point` in this scope\u001b[0m\n  \u001b[1m\u001b[94m--> \u001b[0msrc/main.rs:82:17\n   \u001b[1m\u001b[94m|\u001b[0m\n\u001b[1m\u001b[94m82\u001b[0m \u001b[1m\u001b[94m|\u001b[0m     let range = Point { lower_bound: n };\n   \u001b[1m\u001b[94m|\u001b[0m                 \u001b[1m\u001b[91m^^^^^\u001b[0m \u001b[1m\u001b[91mnot found in this scope\u001b[0m\n\n"}}
{"reason":"compiler-message","package_id":"path+file:///home/mukuldk/1_file/3_Repos_All/A_gitHub/007_Jenkins-cicd-lab/2_Installations/a_rust_guess_game#0.1.0","manifest_path":"/home/mukuldk/1_file/3_Repos_All/A_gitHub/007_Jenkins-cicd-lab/2_Installations/a_rust_guess_game/Cargo.toml","target":{"kind":["bin"],"crate_types":["bin"],"name":"a_rust_guess_game","src_path":"/home/mukuldk/1_file/3_Repos_All/A_gitHub/007_Jenkins-cicd-lab/2_Installations/a_rust_guess_game/src/main.rs","edition":"2024","doc":true,"doctest":false,"test":true},"message":{"$message_type":"diagnostic","message":"cannot find type `RangeOfNumbers` in this scope","code":{"code":"E0412","explanation":"A used type name is not in scope.\n\nErroneous code examples:\n\n```compile_fail,E0412\nimpl Something {} // error: type name `Something` is not in scope\n\n// or:\n\ntrait Foo {\n    fn bar(N); // error: type name `N` is not in scope\n}\n\n// or:\n\nfn foo(x: T) {} // type name `T` is not in scope\n```\n\nTo fix this error, please verify you didn't misspell the type name, you did\ndeclare it or imported it into the scope. Examples:\n\n```\nstruct Something;\n\nimpl Something {} // ok!\n\n// or:\n\ntrait Foo {\n    type N;\n\n    fn bar(_: Self::N); // ok!\n}\n\n// or:\n\nfn foo<T>(x: T) {} // ok!\n```\n\nAnother case that causes this error is when a type is imported into a parent\nmodule. To fix this, you can follow the suggestion and use File directly or\n`use super::File;` which will import the types from the parent namespace. An\nexample that causes this error is below:\n\n```compile_fail,E0412\nuse std::fs::File;\n\nmod foo {\n    fn some_function(f: File) {}\n}\n```\n\n```\nuse std::fs::File;\n\nmod foo {\n    // either\n    use super::File;\n    // or\n    // use std::fs::File;\n    fn foo(f: File) {}\n}\n# fn main() {} // don't insert it for us; that'll break imports\n```\n"},"level":"error","spans":[{"file_name":"src/main.rs","byte_start":2524,"byte_end":2538,"line_start":89,"line_end":89,"column_start":33,"column_end":47,"is_primary":true,"text":[{"text":"fn greater_guess(n: u32, range: RangeOfNumbers) {","highlight_start":33,"highlight_end":47}],"label":"not found in this scope","suggested_replacement":null,"suggestion_applicability":null,"expansion":null}],"children":[],"rendered":"\u001b[1m\u001b[91merror[E0412]\u001b[0m\u001b[1m: cannot find type `RangeOfNumbers` in this scope\u001b[0m\n  \u001b[1m\u001b[94m--> \u001b[0msrc/main.rs:89:33\n   \u001b[1m\u001b[94m|\u001b[0m\n\u001b[1m\u001b[94m89\u001b[0m \u001b[1m\u001b[94m|\u001b[0m fn greater_guess(n: u32, range: RangeOfNumbers) {\n   \u001b[1m\u001b[94m|\u001b[0m                                 \u001b[1m\u001b[91m^^^^^^^^^^^^^^\u001b[0m \u001b[1m\u001b[91mnot found in this scope\u001b[0m\n\n"}}
{"reason":"compiler-message","package_id":"path+file:///home/mukuldk/1_file/3_Repos_All/A_gitHub/007_Jenkins-cicd-lab/2_Installations/a_rust_guess_game#0.1.0","manifest_path":"/home/mukuldk/1_file/3_Repos_All/A_gitHub/007_Jenkins-cicd-lab/2_Installations/a_rust_guess_game/Cargo.toml","target":{"kind":["bin"],"crate_types":["bin"],"name":"a_rust_guess_game","src_path":"/home/mukuldk/1_file/3_Repos_All/A_gitHub/007_Jenkins-cicd-lab/2_Installations/a_rust_guess_game/src/main.rs","edition":"2024","doc":true,"doctest":false,"test":true},"message":{"$message_type":"diagnostic","message":"cannot find struct, variant or union type `Point` in this scope","code":{"code":"E0422","explanation":"An identifier that is neither defined nor a struct was used.\n\nErroneous code example:\n\n```compile_fail,E0422\nfn main () {\n    let x = Foo { x: 1, y: 2 };\n}\n```\n\nIn this case, `Foo` is undefined, so it inherently isn't anything, and\ndefinitely not a struct.\n\n```compile_fail\nfn main () {\n    let foo = 1;\n    let x = foo { x: 1, y: 2 };\n}\n```\n\nIn this case, `foo` is defined, but is not a struct, so Rust can't use it as\none.\n"},"level":"error","spans":[{"file_name":"src/main.rs","byte_start":2558,"byte_end":2563,"line_start":90,"line_end":90,"column_start":17,"column_end":22,"is_primary":true,"text":[{"text":"    let range = Point { upper_bound: n };","highlight_start":17,"highlight_end":22}],"label":"not found in this scope","suggested_replacement":null,"suggestion_applicability":null,"expansion":null}],"children":[],"rendered":"\u001b[1m\u001b[91merror[E0422]\u001b[0m\u001b[1m: cannot find struct, variant or union type `Point` in this scope\u001b[0m\n  \u001b[1m\u001b[94m--> \u001b[0msrc/main.rs:90:17\n   \u001b[1m\u001b[94m|\u001b[0m\n\u001b[1m\u001b[94m90\u001b[0m \u001b[1m\u001b[94m|\u001b[0m     let range = Point { upper_bound: n };\n   \u001b[1m\u001b[94m|\u001b[0m                 \u001b[1m\u001b[91m^^^^^\u001b[0m \u001b[1m\u001b[91mnot found in this scope\u001b[0m\n\n"}}
{"reason":"compiler-message","package_id":"path+file:///home/mukuldk/1_file/3_Repos_All/A_gitHub/007_Jenkins-cicd-lab/2_Installations/a_rust_guess_game#0.1.0","manifest_path":"/home/mukuldk/1_file/3_Repos_All/A_gitHub/007_Jenkins-cicd-lab/2_Installations/a_rust_guess_game/Cargo.toml","target":{"kind":["bin"],"crate_types":["bin"],"name":"a_rust_guess_game","src_path":"/home/mukuldk/1_file/3_Repos_All/A_gitHub/007_Jenkins-cicd-lab/2_Installations/a_rust_guess_game/src/main.rs","edition":"2024","doc":true,"doctest":false,"test":true},"message":{"$message_type":"diagnostic","message":"unnecessary parentheses around `if` condition","code":{"code":"unused_parens","explanation":null},"level":"warning","spans":[{"file_name":"src/main.rs","byte_start":1766,"byte_end":1767,"line_start":65,"line_end":65,"column_start":12,"column_end":13,"is_primary":true,"text":[{"text":"        if (guess_num == 0) {","highlight_start":12,"highlight_end":13}],"label":null,"suggested_replacement":null,"suggestion_applicability":null,"expansion":null},{"file_name":"src/main.rs","byte_start":1781,"byte_end":1782,"line_start":65,"line_end":65,"column_start":27,"column_end":28,"is_primary":true,"text":[{"text":"        if (guess_num == 0) {","highlight_start":27,"highlight_end":28}],"label":null,"suggested_replacement":null,"suggestion_applicability":null,"expansion":null}],"children":[{"message":"`#[warn(unused_parens)]` (part of `#[warn(unused)]`) on by default","code":null,"level":"note","spans":[],"children":[],"rendered":null},{"message":"remove these parentheses","code":null,"level":"help","spans":[{"file_name":"src/main.rs","byte_start":1766,"byte_end":1767,"line_start":65,"line_end":65,"column_start":12,"column_end":13,"is_primary":true,"text":[{"text":"        if (guess_num == 0) {","highlight_start":12,"highlight_end":13}],"label":null,"suggested_replacement":"","suggestion_applicability":"MachineApplicable","expansion":null},{"file_name":"src/main.rs","byte_start":1781,"byte_end":1782,"line_start":65,"line_end":65,"column_start":27,"column_end":28,"is_primary":true,"text":[{"text":"        if (guess_num == 0) {","highlight_start":27,"highlight_end":28}],"label":null,"suggested_replacement":" ","suggestion_applicability":"MachineApplicable","expansion":null}],"children":[],"rendered":null}],"rendered":"\u001b[1m\u001b[33mwarning\u001b[0m\u001b[1m: unnecessary parentheses around `if` condition\u001b[0m\n  \u001b[1m\u001b[94m--> \u001b[0msrc/main.rs:65:12\n   \u001b[1m\u001b[94m|\u001b[0m\n\u001b[1m\u001b[94m65\u001b[0m \u001b[1m\u001b[94m|\u001b[0m         if (guess_num == 0) {\n   \u001b[1m\u001b[94m|\u001b[0m            \u001b[1m\u001b[33m^\u001b[0m              \u001b[1m\u001b[33m^\u001b[0m\n   \u001b[1m\u001b[94m|\u001b[0m\n   \u001b[1m\u001b[94m= \u001b[0m\u001b[1mnote\u001b[0m: `#[warn(unused_parens)]` (part of `#[warn(unused)]`) on by default\n\u001b[1m\u001b[96mhelp\u001b[0m: remove these parentheses\n   \u001b[1m\u001b[94m|\u001b[0m\n\u001b[1m\u001b[94m65\u001b[0m \u001b[91m- \u001b[0m        if \u001b[91m(\u001b[0mguess_num == 0\u001b[91m)\u001b[0m {\n\u001b[1m\u001b[94m65\u001b[0m \u001b[92m+ \u001b[0m        if guess_num == 0\u001b[92m \u001b[0m {\n   \u001b[1m\u001b[94m|\u001b[0m\n\n"}}
{"reason":"compiler-message","package_id":"path+file:///home/mukuldk/1_file/3_Repos_All/A_gitHub/007_Jenkins-cicd-lab/2_Installations/a_rust_guess_game#0.1.0","manifest_path":"/home/mukuldk/1_file/3_Repos_All/A_gitHub/007_Jenkins-cicd-lab/2_Installations/a_rust_guess_game/Cargo.toml","target":{"kind":["bin"],"crate_types":["bin"],"name":"a_rust_guess_game","src_path":"/home/mukuldk/1_file/3_Repos_All/A_gitHub/007_Jenkins-cicd-lab/2_Installations/a_rust_guess_game/src/main.rs","edition":"2024","doc":true,"doctest":false,"test":true},"message":{"$message_type":"diagnostic","message":"Some errors have detailed explanations: E0412, E0422.","code":null,"level":"failure-note","spans":[],"children":[],"rendered":"\u001b[1mSome errors have detailed explanations: E0412, E0422.\u001b[0m\n"}}
{"reason":"compiler-message","package_id":"path+file:///home/mukuldk/1_file/3_Repos_All/A_gitHub/007_Jenkins-cicd-lab/2_Installations/a_rust_guess_game#0.1.0","manifest_path":"/home/mukuldk/1_file/3_Repos_All/A_gitHub/007_Jenkins-cicd-lab/2_Installations/a_rust_guess_game/Cargo.toml","target":{"kind":["bin"],"crate_types":["bin"],"name":"a_rust_guess_game","src_path":"/home/mukuldk/1_file/3_Repos_All/A_gitHub/007_Jenkins-cicd-lab/2_Installations/a_rust_guess_game/src/main.rs","edition":"2024","doc":true,"doctest":false,"test":true},"message":{"$message_type":"diagnostic","message":"For more information about an error, try `rustc --explain E0412`.","code":null,"level":"failure-note","spans":[],"children":[],"rendered":"\u001b[1mFor more information about an error, try `rustc --explain E0412`.\u001b[0m\n"}}
{"reason":"compiler-message","package_id":"path+file:///home/mukuldk/1_file/3_Repos_All/A_gitHub/007_Jenkins-cicd-lab/2_Installations/a_rust_guess_game#0.1.0","manifest_path":"/home/mukuldk/1_file/3_Repos_All/A_gitHub/007_Jenkins-cicd-lab/2_Installations/a_rust_guess_game/Cargo.toml","target":{"kind":["bin"],"crate_types":["bin"],"name":"a_rust_guess_game","src_path":"/home/mukuldk/1_file/3_Repos_All/A_gitHub/007_Jenkins-cicd-lab/2_Installations/a_rust_guess_game/src/main.rs","edition":"2024","doc":true,"doctest":false,"test":true},"message":{"$message_type":"diagnostic","message":"Some errors have detailed explanations: E0412, E0422.","code":null,"level":"failure-note","spans":[],"children":[],"rendered":"\u001b[1mSome errors have detailed explanations: E0412, E0422.\u001b[0m\n"}}
{"reason":"compiler-message","package_id":"path+file:///home/mukuldk/1_file/3_Repos_All/A_gitHub/007_Jenkins-cicd-lab/2_Installations/a_rust_guess_game#0.1.0","manifest_path":"/home/mukuldk/1_file/3_Repos_All/A_gitHub/007_Jenkins-cicd-lab/2_Installations/a_rust_guess_game/Cargo.toml","target":{"kind":["bin"],"crate_types":["bin"],"name":"a_rust_guess_game","src_path":"/home/mukuldk/1_file/3_Repos_All/A_gitHub/007_Jenkins-cicd-lab/2_Installations/a_rust_guess_game/src/main.rs","edition":"2024","doc":true,"doctest":false,"test":true},"message":{"$message_type":"diagnostic","message":"For more information about an error, try `rustc --explain E0412`.","code":null,"level":"failure-note","spans":[],"children":[],"rendered":"\u001b[1mFor more information about an error, try `rustc --explain E0412`.\u001b[0m\n"}}
{"reason":"build-finished","success":false}
